basic_properties
rank 14
basic_properties
rank 7
basic_properties
rank 8
basic_properties
rank 15
basic_properties
rank 3
basic_properties
rank 19
basic_properties
rank 4
basic_properties
rank 10
basic_properties
basic_properties
basic_properties
rank 16
basic_properties
rank 5
basic_properties
rank 9
rank 13
rank 1
basic_properties
rank 17
basic_properties
rank 6
basic_properties
basic_properties
basic_properties
rank 2
basic_properties
rank 18
rank 11
rank 12
basic_properties
rank 0
worker 10 started
worker 4 started
worker 7 started
worker 8 started
worker 11 started
worker 5 started
worker 9 started
worker 6 started
worker 18 started
worker 15 started
worker 17 started
worker 16 started
worker 14 started
worker 19 started
worker 12 started
worker 13 started
worker 1 started
worker 2 started
worker 3 started
edges total 449118 oneway 145489
largest component 45108
number of components 240450
45108: 1 117: 1 70: 1 68: 1 66: 1 55: 1 48: 1 45: 1 40: 2 35: 1 34: 1 33: 1 31: 1 30: 2 29: 1 28: 3 27: 3 26: 1 25: 3 24: 3 23: 1 22: 1 21: 2 20: 2 19: 5 18: 7 17: 11 16: 14 15: 11 14: 17 13: 32 12: 34 11: 40 10: 53 9: 108 8: 128 7: 218 6: 429 5: 733 4: 1663 3: 4072 2: 14932 1: 217907 
basic_network_statistics whole_graph
vertices 325573 edges 819943
average indegree = average outdegree 2.518461

server started
server: send workunit of size 2374 to worker 1
distance_statistics-worker 1: workunit size 2374 on component 0
server: send workunit of size 2374 to worker 2
server: send workunit of size 2374 to worker 3
server: send workunit of size 2374 to worker 4
server: send workunit of size 2374 to worker 5
server: send workunit of size 2374 to worker 6
server: send workunit of size 2374 to worker 7
distance_statistics-worker 2: workunit size 2374 on component 0
distance_statistics-worker 3: workunit size 2374 on component 0
distance_statistics-worker 4: workunit size 2374 on component 0
server: send workunit of size 2374 to worker 8
server: send workunit of size 2374 to worker 9
server: send workunit of size 2374 to worker 10
distance_statistics-worker 5: workunit size 2374 on component 0
server: send workunit of size 2374 to worker 11
server: send workunit of size 2374 to worker 12
distance_statistics-worker 8: workunit size 2374 on component 0
server: send workunit of size 2374 to worker 13
server: send workunit of size 2374 to worker 14
distance_statistics-worker 6: workunit size 2374 on component 0
distance_statistics-worker 7: workunit size 2374 on component 0
server: send workunit of size 2374 to worker 15
server: send workunit of size 2374 to worker 16
distance_statistics-worker 12: workunit size 2374 on component 0
server: send workunit of size 2374 to worker 17
distance_statistics-worker 9: workunit size 2374 on component 0
distance_statistics-worker 10: workunit size 2374 on component 0
distance_statistics-worker 11: workunit size 2374 on component 0
server: send workunit of size 2374 to worker 18
server: send workunit of size 2376 to worker 19
server: accumulate results
distance_statistics-worker 13: workunit size 2374 on component 0
distance_statistics-worker 16: workunit size 2374 on component 0
distance_statistics-worker 14: workunit size 2374 on component 0
waiting for 19 workers to finish
distance_statistics-worker 17: workunit size 2374 on component 0
distance_statistics-worker 15: workunit size 2374 on component 0
distance_statistics-worker 18: workunit size 2374 on component 0
distance_statistics-worker 19: workunit size 2376 on component 0
distance_statistics-worker 3: 100 iterations (last interval took 42.676317 sec)
distance_statistics-worker 1: 100 iterations (last interval took 47.466123 sec)
distance_statistics-worker 2: 100 iterations (last interval took 47.631103 sec)
distance_statistics-worker 4: 100 iterations (last interval took 49.817239 sec)
distance_statistics-worker 7: 100 iterations (last interval took 49.764568 sec)
distance_statistics-worker 10: 100 iterations (last interval took 49.803355 sec)
distance_statistics-worker 11: 100 iterations (last interval took 49.930122 sec)
distance_statistics-worker 9: 100 iterations (last interval took 50.030435 sec)
distance_statistics-worker 6: 100 iterations (last interval took 50.174156 sec)
distance_statistics-worker 18: 100 iterations (last interval took 49.922707 sec)
distance_statistics-worker 5: 100 iterations (last interval took 50.297176 sec)
distance_statistics-worker 14: 100 iterations (last interval took 50.121869 sec)
distance_statistics-worker 17: 100 iterations (last interval took 49.999969 sec)
distance_statistics-worker 8: 100 iterations (last interval took 50.223663 sec)
distance_statistics-worker 15: 100 iterations (last interval took 50.120459 sec)
distance_statistics-worker 16: 100 iterations (last interval took 50.273470 sec)
distance_statistics-worker 13: 100 iterations (last interval took 50.505266 sec)
distance_statistics-worker 19: 100 iterations (last interval took 50.389072 sec)
distance_statistics-worker 12: 100 iterations (last interval took 50.762754 sec)
distance_statistics-worker 3: 200 iterations (last interval took 34.946580 sec)
distance_statistics-worker 1: 200 iterations (last interval took 38.791288 sec)
distance_statistics-worker 2: 200 iterations (last interval took 38.952649 sec)
distance_statistics-worker 4: 200 iterations (last interval took 40.856419 sec)
distance_statistics-worker 10: 200 iterations (last interval took 40.782582 sec)
distance_statistics-worker 7: 200 iterations (last interval took 40.822405 sec)
distance_statistics-worker 17: 200 iterations (last interval took 40.481502 sec)
distance_statistics-worker 18: 200 iterations (last interval took 40.592106 sec)
distance_statistics-worker 9: 200 iterations (last interval took 40.744526 sec)
distance_statistics-worker 11: 200 iterations (last interval took 40.855552 sec)
distance_statistics-worker 15: 200 iterations (last interval took 40.740415 sec)
distance_statistics-worker 6: 200 iterations (last interval took 41.019269 sec)
distance_statistics-worker 14: 200 iterations (last interval took 40.834390 sec)
distance_statistics-worker 8: 200 iterations (last interval took 41.074768 sec)
distance_statistics-worker 16: 200 iterations (last interval took 40.880564 sec)
distance_statistics-worker 5: 200 iterations (last interval took 41.185326 sec)
distance_statistics-worker 13: 200 iterations (last interval took 40.935096 sec)
distance_statistics-worker 19: 200 iterations (last interval took 41.060339 sec)
distance_statistics-worker 12: 200 iterations (last interval took 41.414045 sec)
distance_statistics-worker 3: 300 iterations (last interval took 35.168423 sec)
distance_statistics-worker 1: 300 iterations (last interval took 39.425663 sec)
distance_statistics-worker 2: 300 iterations (last interval took 39.371538 sec)
distance_statistics-worker 4: 300 iterations (last interval took 40.847444 sec)
distance_statistics-worker 7: 300 iterations (last interval took 40.843959 sec)
distance_statistics-worker 10: 300 iterations (last interval took 41.059923 sec)
distance_statistics-worker 9: 300 iterations (last interval took 41.008406 sec)
distance_statistics-worker 11: 300 iterations (last interval took 40.854788 sec)
distance_statistics-worker 17: 300 iterations (last interval took 41.326694 sec)
distance_statistics-worker 18: 300 iterations (last interval took 41.295758 sec)
distance_statistics-worker 15: 300 iterations (last interval took 41.246386 sec)
distance_statistics-worker 8: 300 iterations (last interval took 41.108028 sec)
distance_statistics-worker 6: 300 iterations (last interval took 41.270901 sec)
distance_statistics-worker 14: 300 iterations (last interval took 41.261268 sec)
distance_statistics-worker 5: 300 iterations (last interval took 41.127278 sec)
distance_statistics-worker 16: 300 iterations (last interval took 41.673481 sec)
distance_statistics-worker 13: 300 iterations (last interval took 41.780347 sec)
distance_statistics-worker 19: 300 iterations (last interval took 41.691851 sec)
distance_statistics-worker 12: 300 iterations (last interval took 41.915621 sec)
distance_statistics-worker 3: 400 iterations (last interval took 32.190550 sec)
distance_statistics-worker 1: 400 iterations (last interval took 35.840364 sec)
distance_statistics-worker 2: 400 iterations (last interval took 36.196046 sec)
distance_statistics-worker 7: 400 iterations (last interval took 37.701767 sec)
distance_statistics-worker 4: 400 iterations (last interval took 37.748238 sec)
distance_statistics-worker 10: 400 iterations (last interval took 37.585223 sec)
distance_statistics-worker 9: 400 iterations (last interval took 37.619939 sec)
distance_statistics-worker 11: 400 iterations (last interval took 37.777522 sec)
distance_statistics-worker 15: 400 iterations (last interval took 37.426102 sec)
distance_statistics-worker 17: 400 iterations (last interval took 37.789295 sec)
distance_statistics-worker 18: 400 iterations (last interval took 37.890073 sec)
distance_statistics-worker 14: 400 iterations (last interval took 37.889879 sec)
distance_statistics-worker 6: 400 iterations (last interval took 37.947906 sec)
distance_statistics-worker 8: 400 iterations (last interval took 38.019623 sec)
distance_statistics-worker 5: 400 iterations (last interval took 38.076586 sec)
distance_statistics-worker 16: 400 iterations (last interval took 37.864343 sec)
distance_statistics-worker 19: 400 iterations (last interval took 37.789750 sec)
distance_statistics-worker 13: 400 iterations (last interval took 37.920581 sec)
distance_statistics-worker 12: 400 iterations (last interval took 38.498623 sec)
distance_statistics-worker 3: 500 iterations (last interval took 32.764287 sec)
distance_statistics-worker 1: 500 iterations (last interval took 36.250983 sec)
distance_statistics-worker 2: 500 iterations (last interval took 36.119303 sec)
distance_statistics-worker 7: 500 iterations (last interval took 37.858843 sec)
distance_statistics-worker 4: 500 iterations (last interval took 37.898420 sec)
distance_statistics-worker 10: 500 iterations (last interval took 37.900938 sec)
distance_statistics-worker 11: 500 iterations (last interval took 37.914477 sec)
distance_statistics-worker 9: 500 iterations (last interval took 38.250549 sec)
distance_statistics-worker 17: 500 iterations (last interval took 37.928815 sec)
distance_statistics-worker 18: 500 iterations (last interval took 37.851236 sec)
distance_statistics-worker 15: 500 iterations (last interval took 38.169972 sec)
distance_statistics-worker 6: 500 iterations (last interval took 37.951019 sec)
distance_statistics-worker 3: 600 iterations (last interval took 30.793808 sec)
distance_statistics-worker 14: 500 iterations (last interval took 38.253711 sec)
distance_statistics-worker 8: 500 iterations (last interval took 38.128638 sec)
distance_statistics-worker 5: 500 iterations (last interval took 38.074940 sec)
distance_statistics-worker 16: 500 iterations (last interval took 38.330434 sec)
distance_statistics-worker 19: 500 iterations (last interval took 38.411251 sec)
distance_statistics-worker 13: 500 iterations (last interval took 38.545436 sec)
distance_statistics-worker 12: 500 iterations (last interval took 38.640367 sec)
distance_statistics-worker 1: 600 iterations (last interval took 34.201634 sec)
distance_statistics-worker 2: 600 iterations (last interval took 34.838339 sec)
distance_statistics-worker 3: 700 iterations (last interval took 31.831418 sec)
distance_statistics-worker 7: 600 iterations (last interval took 35.860645 sec)
distance_statistics-worker 4: 600 iterations (last interval took 35.869113 sec)
distance_statistics-worker 10: 600 iterations (last interval took 35.852720 sec)
distance_statistics-worker 9: 600 iterations (last interval took 35.721304 sec)
distance_statistics-worker 17: 600 iterations (last interval took 35.767371 sec)
distance_statistics-worker 11: 600 iterations (last interval took 36.221733 sec)
distance_statistics-worker 18: 600 iterations (last interval took 35.927892 sec)
distance_statistics-worker 15: 600 iterations (last interval took 35.955919 sec)
distance_statistics-worker 14: 600 iterations (last interval took 35.850702 sec)
distance_statistics-worker 6: 600 iterations (last interval took 36.125173 sec)
distance_statistics-worker 5: 600 iterations (last interval took 35.961804 sec)
distance_statistics-worker 8: 600 iterations (last interval took 36.150952 sec)
distance_statistics-worker 16: 600 iterations (last interval took 36.001878 sec)
distance_statistics-worker 19: 600 iterations (last interval took 36.554930 sec)
distance_statistics-worker 13: 600 iterations (last interval took 36.399608 sec)
distance_statistics-worker 12: 600 iterations (last interval took 36.695913 sec)
distance_statistics-worker 1: 700 iterations (last interval took 35.436846 sec)
distance_statistics-worker 2: 700 iterations (last interval took 35.157679 sec)
distance_statistics-worker 3: 800 iterations (last interval took 30.154616 sec)
distance_statistics-worker 10: 700 iterations (last interval took 37.030223 sec)
distance_statistics-worker 7: 700 iterations (last interval took 37.277382 sec)
distance_statistics-worker 11: 700 iterations (last interval took 36.839153 sec)
distance_statistics-worker 4: 700 iterations (last interval took 37.536455 sec)
distance_statistics-worker 18: 700 iterations (last interval took 36.805853 sec)
distance_statistics-worker 9: 700 iterations (last interval took 37.158882 sec)
distance_statistics-worker 17: 700 iterations (last interval took 37.425435 sec)
distance_statistics-worker 6: 700 iterations (last interval took 36.948227 sec)
distance_statistics-worker 15: 700 iterations (last interval took 37.624523 sec)
distance_statistics-worker 14: 700 iterations (last interval took 37.703931 sec)
distance_statistics-worker 5: 700 iterations (last interval took 37.713315 sec)
distance_statistics-worker 8: 700 iterations (last interval took 37.791192 sec)
distance_statistics-worker 16: 700 iterations (last interval took 37.484406 sec)
distance_statistics-worker 19: 700 iterations (last interval took 37.588156 sec)
distance_statistics-worker 13: 700 iterations (last interval took 37.581307 sec)
distance_statistics-worker 12: 700 iterations (last interval took 38.307402 sec)
distance_statistics-worker 3: 900 iterations (last interval took 30.537759 sec)
distance_statistics-worker 1: 800 iterations (last interval took 34.058793 sec)
distance_statistics-worker 2: 800 iterations (last interval took 34.074261 sec)
distance_statistics-worker 7: 800 iterations (last interval took 35.433493 sec)
distance_statistics-worker 18: 800 iterations (last interval took 35.230326 sec)
distance_statistics-worker 4: 800 iterations (last interval took 35.277423 sec)
distance_statistics-worker 9: 800 iterations (last interval took 35.411187 sec)
distance_statistics-worker 10: 800 iterations (last interval took 35.931027 sec)
distance_statistics-worker 11: 800 iterations (last interval took 35.579666 sec)
distance_statistics-worker 17: 800 iterations (last interval took 35.732346 sec)
distance_statistics-worker 15: 800 iterations (last interval took 35.466318 sec)
distance_statistics-worker 6: 800 iterations (last interval took 35.591363 sec)
distance_statistics-worker 14: 800 iterations (last interval took 35.523766 sec)
distance_statistics-worker 8: 800 iterations (last interval took 35.619966 sec)
distance_statistics-worker 5: 800 iterations (last interval took 36.096677 sec)
distance_statistics-worker 16: 800 iterations (last interval took 36.004851 sec)
distance_statistics-worker 13: 800 iterations (last interval took 35.777291 sec)
distance_statistics-worker 19: 800 iterations (last interval took 35.926687 sec)
distance_statistics-worker 12: 800 iterations (last interval took 36.085262 sec)
distance_statistics-worker 3: 1000 iterations (last interval took 30.214324 sec)
distance_statistics-worker 1: 900 iterations (last interval took 33.556977 sec)
distance_statistics-worker 2: 900 iterations (last interval took 34.082413 sec)
distance_statistics-worker 7: 900 iterations (last interval took 35.582392 sec)
distance_statistics-worker 18: 900 iterations (last interval took 35.505227 sec)
distance_statistics-worker 4: 900 iterations (last interval took 35.523326 sec)
distance_statistics-worker 10: 900 iterations (last interval took 35.417266 sec)
distance_statistics-worker 9: 900 iterations (last interval took 35.712062 sec)
distance_statistics-worker 11: 900 iterations (last interval took 35.791170 sec)
distance_statistics-worker 17: 900 iterations (last interval took 35.268339 sec)
distance_statistics-worker 15: 900 iterations (last interval took 35.634597 sec)
distance_statistics-worker 6: 900 iterations (last interval took 35.581388 sec)
distance_statistics-worker 14: 900 iterations (last interval took 35.765398 sec)
distance_statistics-worker 8: 900 iterations (last interval took 35.683782 sec)
distance_statistics-worker 5: 900 iterations (last interval took 35.762429 sec)
distance_statistics-worker 16: 900 iterations (last interval took 35.747756 sec)
distance_statistics-worker 19: 900 iterations (last interval took 36.020344 sec)
distance_statistics-worker 13: 900 iterations (last interval took 36.168771 sec)
distance_statistics-worker 12: 900 iterations (last interval took 35.963474 sec)
distance_statistics-worker 3: 1100 iterations (last interval took 30.225757 sec)
distance_statistics-worker 1: 1000 iterations (last interval took 34.473655 sec)
distance_statistics-worker 2: 1000 iterations (last interval took 34.121709 sec)
distance_statistics-worker 7: 1000 iterations (last interval took 35.269420 sec)
distance_statistics-worker 10: 1000 iterations (last interval took 35.677035 sec)
distance_statistics-worker 9: 1000 iterations (last interval took 35.413395 sec)
distance_statistics-worker 4: 1000 iterations (last interval took 35.871581 sec)
distance_statistics-worker 18: 1000 iterations (last interval took 36.029774 sec)
distance_statistics-worker 11: 1000 iterations (last interval took 35.833522 sec)
distance_statistics-worker 17: 1000 iterations (last interval took 36.029853 sec)
distance_statistics-worker 15: 1000 iterations (last interval took 35.719299 sec)
distance_statistics-worker 6: 1000 iterations (last interval took 36.099437 sec)
distance_statistics-worker 14: 1000 iterations (last interval took 35.681278 sec)
distance_statistics-worker 8: 1000 iterations (last interval took 35.724664 sec)
distance_statistics-worker 5: 1000 iterations (last interval took 35.771137 sec)
distance_statistics-worker 16: 1000 iterations (last interval took 36.315946 sec)
distance_statistics-worker 19: 1000 iterations (last interval took 35.761714 sec)
distance_statistics-worker 13: 1000 iterations (last interval took 35.864370 sec)
distance_statistics-worker 3: 1200 iterations (last interval took 30.814634 sec)
distance_statistics-worker 12: 1000 iterations (last interval took 36.401363 sec)
distance_statistics-worker 1: 1100 iterations (last interval took 33.429546 sec)
distance_statistics-worker 2: 1100 iterations (last interval took 33.198052 sec)
distance_statistics-worker 7: 1100 iterations (last interval took 34.844620 sec)
distance_statistics-worker 4: 1100 iterations (last interval took 34.879577 sec)
distance_statistics-worker 9: 1100 iterations (last interval took 35.005428 sec)
distance_statistics-worker 18: 1100 iterations (last interval took 34.884380 sec)
distance_statistics-worker 10: 1100 iterations (last interval took 35.098277 sec)
distance_statistics-worker 11: 1100 iterations (last interval took 34.871478 sec)
distance_statistics-worker 3: 1300 iterations (last interval took 30.460422 sec)
distance_statistics-worker 17: 1100 iterations (last interval took 34.896389 sec)
distance_statistics-worker 15: 1100 iterations (last interval took 35.297711 sec)
distance_statistics-worker 6: 1100 iterations (last interval took 35.040623 sec)
distance_statistics-worker 14: 1100 iterations (last interval took 35.179957 sec)
distance_statistics-worker 8: 1100 iterations (last interval took 35.373123 sec)
distance_statistics-worker 5: 1100 iterations (last interval took 35.477421 sec)
distance_statistics-worker 16: 1100 iterations (last interval took 35.096645 sec)
distance_statistics-worker 13: 1100 iterations (last interval took 35.262579 sec)
distance_statistics-worker 19: 1100 iterations (last interval took 35.503989 sec)
distance_statistics-worker 12: 1100 iterations (last interval took 35.795581 sec)
distance_statistics-worker 1: 1200 iterations (last interval took 34.093033 sec)
distance_statistics-worker 2: 1200 iterations (last interval took 34.138607 sec)
distance_statistics-worker 3: 1400 iterations (last interval took 30.140691 sec)
distance_statistics-worker 7: 1200 iterations (last interval took 35.598892 sec)
distance_statistics-worker 10: 1200 iterations (last interval took 35.569240 sec)
distance_statistics-worker 18: 1200 iterations (last interval took 35.689342 sec)
distance_statistics-worker 4: 1200 iterations (last interval took 35.964256 sec)
distance_statistics-worker 9: 1200 iterations (last interval took 35.914340 sec)
distance_statistics-worker 11: 1200 iterations (last interval took 35.804557 sec)
distance_statistics-worker 17: 1200 iterations (last interval took 35.908698 sec)
distance_statistics-worker 15: 1200 iterations (last interval took 35.757058 sec)
distance_statistics-worker 6: 1200 iterations (last interval took 35.870185 sec)
distance_statistics-worker 14: 1200 iterations (last interval took 35.747104 sec)
distance_statistics-worker 8: 1200 iterations (last interval took 36.250117 sec)
distance_statistics-worker 5: 1200 iterations (last interval took 36.274292 sec)
distance_statistics-worker 16: 1200 iterations (last interval took 35.882632 sec)
distance_statistics-worker 19: 1200 iterations (last interval took 36.005971 sec)
distance_statistics-worker 13: 1200 iterations (last interval took 36.855651 sec)
distance_statistics-worker 12: 1200 iterations (last interval took 36.718636 sec)
distance_statistics-worker 1: 1300 iterations (last interval took 33.881683 sec)
distance_statistics-worker 2: 1300 iterations (last interval took 33.952791 sec)
distance_statistics-worker 3: 1500 iterations (last interval took 30.747724 sec)
distance_statistics-worker 7: 1300 iterations (last interval took 35.504667 sec)
distance_statistics-worker 10: 1300 iterations (last interval took 35.413624 sec)
distance_statistics-worker 18: 1300 iterations (last interval took 35.469694 sec)
distance_statistics-worker 9: 1300 iterations (last interval took 35.445851 sec)
distance_statistics-worker 4: 1300 iterations (last interval took 35.504271 sec)
distance_statistics-worker 17: 1300 iterations (last interval took 34.931461 sec)
distance_statistics-worker 11: 1300 iterations (last interval took 35.496846 sec)
distance_statistics-worker 15: 1300 iterations (last interval took 35.237877 sec)
distance_statistics-worker 6: 1300 iterations (last interval took 35.361504 sec)
distance_statistics-worker 14: 1300 iterations (last interval took 35.388318 sec)
distance_statistics-worker 8: 1300 iterations (last interval took 35.396046 sec)
distance_statistics-worker 5: 1300 iterations (last interval took 35.515178 sec)
distance_statistics-worker 16: 1300 iterations (last interval took 35.618115 sec)
distance_statistics-worker 19: 1300 iterations (last interval took 35.283111 sec)
distance_statistics-worker 13: 1300 iterations (last interval took 35.222545 sec)
distance_statistics-worker 12: 1300 iterations (last interval took 35.890234 sec)
distance_statistics-worker 1: 1400 iterations (last interval took 33.249973 sec)
distance_statistics-worker 2: 1400 iterations (last interval took 33.775857 sec)
distance_statistics-worker 3: 1600 iterations (last interval took 29.838976 sec)
distance_statistics-worker 7: 1400 iterations (last interval took 34.667217 sec)
distance_statistics-worker 10: 1400 iterations (last interval took 34.867841 sec)
distance_statistics-worker 4: 1400 iterations (last interval took 34.660383 sec)
distance_statistics-worker 18: 1400 iterations (last interval took 35.114817 sec)
distance_statistics-worker 9: 1400 iterations (last interval took 34.991040 sec)
distance_statistics-worker 11: 1400 iterations (last interval took 34.674310 sec)
distance_statistics-worker 17: 1400 iterations (last interval took 35.221969 sec)
distance_statistics-worker 6: 1400 iterations (last interval took 34.745742 sec)
distance_statistics-worker 15: 1400 iterations (last interval took 35.234952 sec)
distance_statistics-worker 14: 1400 iterations (last interval took 35.222567 sec)
distance_statistics-worker 8: 1400 iterations (last interval took 34.914756 sec)
distance_statistics-worker 16: 1400 iterations (last interval took 35.205257 sec)
distance_statistics-worker 5: 1400 iterations (last interval took 35.343883 sec)
distance_statistics-worker 19: 1400 iterations (last interval took 35.284287 sec)
distance_statistics-worker 13: 1400 iterations (last interval took 35.935257 sec)
distance_statistics-worker 1: 1500 iterations (last interval took 33.866910 sec)
distance_statistics-worker 12: 1400 iterations (last interval took 35.586154 sec)
distance_statistics-worker 2: 1500 iterations (last interval took 34.114594 sec)
distance_statistics-worker 3: 1700 iterations (last interval took 29.982712 sec)
distance_statistics-worker 7: 1500 iterations (last interval took 35.901343 sec)
distance_statistics-worker 4: 1500 iterations (last interval took 35.694707 sec)
distance_statistics-worker 10: 1500 iterations (last interval took 35.917039 sec)
distance_statistics-worker 9: 1500 iterations (last interval took 35.710509 sec)
distance_statistics-worker 18: 1500 iterations (last interval took 35.990469 sec)
distance_statistics-worker 11: 1500 iterations (last interval took 35.950376 sec)
distance_statistics-worker 17: 1500 iterations (last interval took 35.967656 sec)
distance_statistics-worker 6: 1500 iterations (last interval took 36.132842 sec)
distance_statistics-worker 15: 1500 iterations (last interval took 36.143175 sec)
distance_statistics-worker 14: 1500 iterations (last interval took 35.860819 sec)
distance_statistics-worker 8: 1500 iterations (last interval took 36.214674 sec)
distance_statistics-worker 16: 1500 iterations (last interval took 35.861051 sec)
distance_statistics-worker 5: 1500 iterations (last interval took 36.300068 sec)
distance_statistics-worker 19: 1500 iterations (last interval took 36.341398 sec)
distance_statistics-worker 13: 1500 iterations (last interval took 36.470369 sec)
distance_statistics-worker 1: 1600 iterations (last interval took 33.487545 sec)
distance_statistics-worker 2: 1600 iterations (last interval took 34.047305 sec)
distance_statistics-worker 3: 1800 iterations (last interval took 30.640447 sec)
distance_statistics-worker 12: 1500 iterations (last interval took 36.712695 sec)
distance_statistics-worker 7: 1600 iterations (last interval took 34.932627 sec)
distance_statistics-worker 4: 1600 iterations (last interval took 34.972438 sec)
distance_statistics-worker 10: 1600 iterations (last interval took 34.888716 sec)
distance_statistics-worker 9: 1600 iterations (last interval took 35.109044 sec)
distance_statistics-worker 11: 1600 iterations (last interval took 34.959822 sec)
distance_statistics-worker 18: 1600 iterations (last interval took 35.217151 sec)
distance_statistics-worker 17: 1600 iterations (last interval took 35.154585 sec)
distance_statistics-worker 15: 1600 iterations (last interval took 35.007425 sec)
distance_statistics-worker 6: 1600 iterations (last interval took 35.354624 sec)
distance_statistics-worker 14: 1600 iterations (last interval took 35.114917 sec)
distance_statistics-worker 8: 1600 iterations (last interval took 35.470530 sec)
distance_statistics-worker 16: 1600 iterations (last interval took 35.311778 sec)
distance_statistics-worker 3: 1900 iterations (last interval took 29.910749 sec)
distance_statistics-worker 5: 1600 iterations (last interval took 35.372594 sec)
distance_statistics-worker 1: 1700 iterations (last interval took 33.267903 sec)
distance_statistics-worker 19: 1600 iterations (last interval took 35.408499 sec)
distance_statistics-worker 13: 1600 iterations (last interval took 35.550400 sec)
distance_statistics-worker 2: 1700 iterations (last interval took 33.724554 sec)
distance_statistics-worker 12: 1600 iterations (last interval took 35.688968 sec)
distance_statistics-worker 7: 1700 iterations (last interval took 35.264311 sec)
distance_statistics-worker 10: 1700 iterations (last interval took 34.839418 sec)
distance_statistics-worker 4: 1700 iterations (last interval took 35.043751 sec)
distance_statistics-worker 3: 2000 iterations (last interval took 30.089972 sec)
distance_statistics-worker 9: 1700 iterations (last interval took 35.036643 sec)
distance_statistics-worker 11: 1700 iterations (last interval took 34.924126 sec)
distance_statistics-worker 18: 1700 iterations (last interval took 34.891503 sec)
distance_statistics-worker 17: 1700 iterations (last interval took 34.828991 sec)
distance_statistics-worker 15: 1700 iterations (last interval took 34.876708 sec)
distance_statistics-worker 6: 1700 iterations (last interval took 35.380333 sec)
distance_statistics-worker 14: 1700 iterations (last interval took 35.100019 sec)
distance_statistics-worker 8: 1700 iterations (last interval took 35.199682 sec)
distance_statistics-worker 16: 1700 iterations (last interval took 34.850477 sec)
distance_statistics-worker 1: 1800 iterations (last interval took 34.000497 sec)
distance_statistics-worker 5: 1700 iterations (last interval took 34.941814 sec)
distance_statistics-worker 19: 1700 iterations (last interval took 35.518586 sec)
distance_statistics-worker 2: 1800 iterations (last interval took 34.037369 sec)
distance_statistics-worker 13: 1700 iterations (last interval took 35.518007 sec)
distance_statistics-worker 12: 1700 iterations (last interval took 35.488926 sec)
distance_statistics-worker 3: 2100 iterations (last interval took 30.361615 sec)
distance_statistics-worker 7: 1800 iterations (last interval took 35.379651 sec)
distance_statistics-worker 10: 1800 iterations (last interval took 35.349162 sec)
distance_statistics-worker 4: 1800 iterations (last interval took 35.421346 sec)
distance_statistics-worker 9: 1800 iterations (last interval took 35.518543 sec)
distance_statistics-worker 11: 1800 iterations (last interval took 35.487979 sec)
distance_statistics-worker 18: 1800 iterations (last interval took 35.805701 sec)
distance_statistics-worker 17: 1800 iterations (last interval took 35.986308 sec)
distance_statistics-worker 15: 1800 iterations (last interval took 35.826026 sec)
distance_statistics-worker 1: 1900 iterations (last interval took 33.185825 sec)
distance_statistics-worker 14: 1800 iterations (last interval took 35.831321 sec)
distance_statistics-worker 6: 1800 iterations (last interval took 36.096168 sec)
distance_statistics-worker 8: 1800 iterations (last interval took 35.700989 sec)
distance_statistics-worker 16: 1800 iterations (last interval took 36.082088 sec)
distance_statistics-worker 2: 1900 iterations (last interval took 33.484322 sec)
distance_statistics-worker 5: 1800 iterations (last interval took 36.257898 sec)
distance_statistics-worker 19: 1800 iterations (last interval took 36.330831 sec)
distance_statistics-worker 13: 1800 iterations (last interval took 36.333074 sec)
distance_statistics-worker 12: 1800 iterations (last interval took 36.574209 sec)
distance_statistics-worker 3: 2200 iterations (last interval took 29.900081 sec)
distance_statistics-worker 7: 1900 iterations (last interval took 34.791395 sec)
distance_statistics-worker 10: 1900 iterations (last interval took 34.893474 sec)
distance_statistics-worker 4: 1900 iterations (last interval took 35.003083 sec)
distance_statistics-worker 9: 1900 iterations (last interval took 34.893550 sec)
distance_statistics-worker 11: 1900 iterations (last interval took 34.945136 sec)
distance_statistics-worker 18: 1900 iterations (last interval took 34.827864 sec)
distance_statistics-worker 1: 2000 iterations (last interval took 33.430774 sec)
distance_statistics-worker 17: 1900 iterations (last interval took 34.817698 sec)
distance_statistics-worker 15: 1900 iterations (last interval took 34.942860 sec)
distance_statistics-worker 14: 1900 iterations (last interval took 35.015416 sec)
distance_statistics-worker 6: 1900 iterations (last interval took 35.209595 sec)
distance_statistics-worker 2: 2000 iterations (last interval took 33.718832 sec)
distance_statistics-worker 8: 1900 iterations (last interval took 35.060402 sec)
distance_statistics-worker 16: 1900 iterations (last interval took 35.194026 sec)
distance_statistics-worker 5: 1900 iterations (last interval took 35.232486 sec)
distance_statistics-worker 19: 1900 iterations (last interval took 35.559936 sec)
distance_statistics-worker 13: 1900 iterations (last interval took 35.290037 sec)
distance_statistics-worker 12: 1900 iterations (last interval took 35.593659 sec)
distance_statistics-worker 3: 2300 iterations (last interval took 30.165084 sec)
distance_statistics-worker 7: 2000 iterations (last interval took 35.155309 sec)
distance_statistics-worker 10: 2000 iterations (last interval took 34.996476 sec)
distance_statistics-worker 1: 2100 iterations (last interval took 34.038306 sec)
distance_statistics-worker 4: 2000 iterations (last interval took 35.044898 sec)
distance_statistics-worker 11: 2000 iterations (last interval took 35.077185 sec)
distance_statistics-worker 9: 2000 iterations (last interval took 35.175919 sec)
distance_statistics-worker 18: 2000 iterations (last interval took 35.074011 sec)
distance_statistics-worker 17: 2000 iterations (last interval took 35.386003 sec)
distance_statistics-worker 15: 2000 iterations (last interval took 35.237405 sec)
distance_statistics-worker 14: 2000 iterations (last interval took 35.291045 sec)
distance_statistics-worker 2: 2100 iterations (last interval took 34.163330 sec)
distance_statistics-worker 6: 2000 iterations (last interval took 35.531518 sec)
distance_statistics-worker 8: 2000 iterations (last interval took 35.519459 sec)
distance_statistics-worker 16: 2000 iterations (last interval took 35.204704 sec)
distance_statistics-worker 5: 2000 iterations (last interval took 35.319191 sec)
distance_statistics-worker 3 finished
received result 0 from worker
waiting for 18 workers to finish
distance_statistics-worker 19: 2000 iterations (last interval took 35.827306 sec)
distance_statistics-worker 13: 2000 iterations (last interval took 35.670022 sec)
distance_statistics-worker 12: 2000 iterations (last interval took 35.986284 sec)
distance_statistics-worker 1: 2200 iterations (last interval took 31.632803 sec)
distance_statistics-worker 7: 2100 iterations (last interval took 35.464838 sec)
distance_statistics-worker 2: 2200 iterations (last interval took 31.416407 sec)
distance_statistics-worker 10: 2100 iterations (last interval took 35.503765 sec)
distance_statistics-worker 4: 2100 iterations (last interval took 35.467518 sec)
distance_statistics-worker 9: 2100 iterations (last interval took 35.319134 sec)
distance_statistics-worker 11: 2100 iterations (last interval took 35.460949 sec)
distance_statistics-worker 18: 2100 iterations (last interval took 35.425843 sec)
distance_statistics-worker 17: 2100 iterations (last interval took 35.454264 sec)
distance_statistics-worker 15: 2100 iterations (last interval took 35.427399 sec)
distance_statistics-worker 14: 2100 iterations (last interval took 35.532998 sec)
distance_statistics-worker 6: 2100 iterations (last interval took 35.675652 sec)
distance_statistics-worker 8: 2100 iterations (last interval took 35.530417 sec)
distance_statistics-worker 16: 2100 iterations (last interval took 35.686735 sec)
distance_statistics-worker 5: 2100 iterations (last interval took 35.759107 sec)
distance_statistics-worker 19: 2100 iterations (last interval took 35.668761 sec)
distance_statistics-worker 13: 2100 iterations (last interval took 35.804066 sec)
distance_statistics-worker 12: 2100 iterations (last interval took 36.018434 sec)
distance_statistics-worker 1: 2300 iterations (last interval took 31.301449 sec)
distance_statistics-worker 2: 2300 iterations (last interval took 31.658484 sec)
distance_statistics-worker 7: 2200 iterations (last interval took 34.619071 sec)
distance_statistics-worker 10: 2200 iterations (last interval took 34.587031 sec)
distance_statistics-worker 4: 2200 iterations (last interval took 35.031189 sec)
distance_statistics-worker 9: 2200 iterations (last interval took 34.867711 sec)
distance_statistics-worker 11: 2200 iterations (last interval took 34.883376 sec)
distance_statistics-worker 18: 2200 iterations (last interval took 34.836667 sec)
distance_statistics-worker 17: 2200 iterations (last interval took 34.898105 sec)
distance_statistics-worker 15: 2200 iterations (last interval took 34.891248 sec)
distance_statistics-worker 14: 2200 iterations (last interval took 35.001510 sec)
distance_statistics-worker 6: 2200 iterations (last interval took 34.972097 sec)
distance_statistics-worker 8: 2200 iterations (last interval took 35.050248 sec)
distance_statistics-worker 16: 2200 iterations (last interval took 35.259143 sec)
distance_statistics-worker 5: 2200 iterations (last interval took 35.149281 sec)
distance_statistics-worker 19: 2200 iterations (last interval took 35.273690 sec)
distance_statistics-worker 13: 2200 iterations (last interval took 35.297302 sec)
distance_statistics-worker 1 finished
received result 1 from worker
waiting for 17 workers to finish
distance_statistics-worker 12: 2200 iterations (last interval took 35.584468 sec)
distance_statistics-worker 2 finished
received result 2 from worker
waiting for 16 workers to finish
distance_statistics-worker 7: 2300 iterations (last interval took 35.338618 sec)
distance_statistics-worker 10: 2300 iterations (last interval took 34.940970 sec)
distance_statistics-worker 4: 2300 iterations (last interval took 35.191529 sec)
distance_statistics-worker 9: 2300 iterations (last interval took 35.248207 sec)
distance_statistics-worker 11: 2300 iterations (last interval took 35.159052 sec)
distance_statistics-worker 18: 2300 iterations (last interval took 35.207855 sec)
distance_statistics-worker 17: 2300 iterations (last interval took 35.352472 sec)
distance_statistics-worker 15: 2300 iterations (last interval took 35.338774 sec)
distance_statistics-worker 14: 2300 iterations (last interval took 35.455577 sec)
distance_statistics-worker 6: 2300 iterations (last interval took 35.256124 sec)
distance_statistics-worker 8: 2300 iterations (last interval took 35.660493 sec)
distance_statistics-worker 16: 2300 iterations (last interval took 35.320375 sec)
distance_statistics-worker 5: 2300 iterations (last interval took 35.309543 sec)
distance_statistics-worker 19: 2300 iterations (last interval took 35.931926 sec)
distance_statistics-worker 13: 2300 iterations (last interval took 35.767120 sec)
distance_statistics-worker 12: 2300 iterations (last interval took 36.002407 sec)
distance_statistics-worker 7 finished
received result 3 from worker
waiting for 15 workers to finish
distance_statistics-worker 10 finished
received result 4 from worker
waiting for 14 workers to finish
distance_statistics-worker 4 finished
received result 5 from worker
waiting for 13 workers to finish
distance_statistics-worker 9 finished
received result 6 from worker
waiting for 12 workers to finish
distance_statistics-worker 11 finished
received result 7 from worker
waiting for 11 workers to finish
distance_statistics-worker 18 finished
received result 8 from worker
waiting for 10 workers to finish
distance_statistics-worker 17 finished
received result 9 from worker
waiting for 9 workers to finish
distance_statistics-worker 15 finished
received result 10 from worker
waiting for 8 workers to finish
distance_statistics-worker 14 finished
received result 11 from worker
waiting for 7 workers to finish
distance_statistics-worker 6 finished
received result 12 from worker
waiting for 6 workers to finish
distance_statistics-worker 8 finished
received result 13 from worker
waiting for 5 workers to finish
distance_statistics-worker 16 finished
received result 14 from worker
waiting for 4 workers to finish
distance_statistics-worker 5 finished
received result 15 from worker
waiting for 3 workers to finish
distance_statistics-worker 19 finished
received result 16 from worker
waiting for 2 workers to finish
distance_statistics-worker 13 finished
received result 17 from worker
waiting for 1 workers to finish
distance_statistics-worker 12 finished
received result 18 from worker
server finished
complete_statistics scc-45108
eccentricity median 28 max 36 min 18
(connected) average distance 0.638526
median average distance per node 5
5-neighbourhood max 40316 min 7

basic_network_statistics scc-45108
vertices 45108 edges 449118
average indegree = average outdegree 9.956504

basic_network_statistics scc-117
vertices 117 edges 782
average indegree = average outdegree 6.683761

complete_statistics scc-117
eccentricity median 3 max 4 min 2
(connected) average distance 3.967728
median average distance per node 1
5-neighbourhood max 117 min 117

basic_network_statistics scc-70
vertices 70 edges 220
average indegree = average outdegree 3.142857

complete_statistics scc-70
eccentricity median 9 max 14 min 4
(connected) average distance 10.176812
median average distance per node 4
5-neighbourhood max 70 min 9

basic_network_statistics scc-68
vertices 68 edges 1346
average indegree = average outdegree 19.794118

complete_statistics scc-68
eccentricity median 3 max 4 min 2
(connected) average distance 3.583406
median average distance per node 1
5-neighbourhood max 68 min 68

basic_network_statistics scc-66
vertices 66 edges 449
average indegree = average outdegree 6.803030

complete_statistics scc-66
eccentricity median 4 max 6 min 3
(connected) average distance 5.904429
median average distance per node 2
5-neighbourhood max 66 min 48

basic_network_statistics scc-55
vertices 55 edges 2970
average indegree = average outdegree 54.000000

complete_statistics scc-55
eccentricity median 1 max 1 min 1
(connected) average distance 2.000000
median average distance per node 1
5-neighbourhood max 55 min 55

basic_network_statistics scc-48
vertices 48 edges 257
average indegree = average outdegree 5.354167

complete_statistics scc-48
eccentricity median 5 max 8 min 4
(connected) average distance 5.771277
median average distance per node 2
5-neighbourhood max 48 min 17

basic_network_statistics scc-45
vertices 45 edges 120
average indegree = average outdegree 2.666667

complete_statistics scc-45
eccentricity median 13 max 16 min 8
(connected) average distance 12.864646
median average distance per node 6
5-neighbourhood max 38 min 8

basic_network_statistics scc-40
vertices 40 edges 95
average indegree = average outdegree 2.375000

complete_statistics scc-40
eccentricity median 4 max 5 min 3
(connected) average distance 4.997436
median average distance per node 2
5-neighbourhood max 40 min 40

basic_network_statistics scc-40
vertices 40 edges 420
average indegree = average outdegree 10.500000

complete_statistics scc-40
eccentricity median 3 max 5 min 3
(connected) average distance 4.535897
median average distance per node 2
5-neighbourhood max 40 min 40

basic_network_statistics scc-35
vertices 35 edges 283
average indegree = average outdegree 8.085714

complete_statistics scc-35
eccentricity median 3 max 4 min 1
(connected) average distance 4.040336
median average distance per node 2
5-neighbourhood max 35 min 35

basic_network_statistics scc-34
vertices 34 edges 137
average indegree = average outdegree 4.029412

complete_statistics scc-34
eccentricity median 4 max 5 min 3
(connected) average distance 5.499109
median average distance per node 2
5-neighbourhood max 34 min 34

basic_network_statistics scc-33
vertices 33 edges 64
average indegree = average outdegree 1.939394

complete_statistics scc-33
eccentricity median 2 max 2 min 1
(connected) average distance 3.878788
median average distance per node 1
5-neighbourhood max 33 min 33

basic_network_statistics scc-31
vertices 31 edges 138
average indegree = average outdegree 4.451613

complete_statistics scc-31
eccentricity median 3 max 5 min 2
(connected) average distance 4.240860
median average distance per node 2
5-neighbourhood max 31 min 31

